This file contains any messages produced by compilers while
running configure, to aid debugging if configure makes a mistake.

It was created by THIS_IS_SHORE_KITS configure 2.1, which was
generated by GNU Autoconf 2.69.  Invocation command line was

  $ ./configure --with-shore=/home/dcslab/charlie/ELEDA/charlie/eleda-shore-mt --with-glibtop --enable-debug --enable-checkrc

## --------- ##
## Platform. ##
## --------- ##

hostname = ubuntu-nvdimm
uname -m = x86_64
uname -r = 4.8.4
uname -s = Linux
uname -v = #1 SMP Mon Jan 16 15:54:18 KST 2017

/usr/bin/uname -p = unknown
/bin/uname -X     = unknown

/bin/arch              = unknown
/usr/bin/arch -k       = unknown
/usr/convex/getsysinfo = unknown
/usr/bin/hostinfo      = unknown
/bin/machine           = unknown
/usr/bin/oslevel       = unknown
/bin/universe          = unknown

PATH: /home/dcslab/charlie/jdk/jdk_1.8_source/openjdk-8u40-src-b25-10_feb_2015/openjdk/build/linux-x86_64-normal-server-slowdebug/jdk/bin
PATH: /home/dcslab/charlie/jdk/jdk_1.8_source/openjdk-8u40-src-b25-10_feb_2015/openjdk/build/linux-x86_64-normal-server-slowdebug/jdk/bin
PATH: /usr/local/sbin
PATH: /usr/local/bin
PATH: /usr/sbin
PATH: /usr/bin
PATH: /sbin
PATH: /bin
PATH: /usr/games
PATH: /usr/local/games


## ----------- ##
## Core tests. ##
## ----------- ##

configure:2232: checking build system type
configure:2246: result: x86_64-unknown-linux-gnu
configure:2266: checking host system type
configure:2279: result: x86_64-unknown-linux-gnu
configure:2299: checking target system type
configure:2312: result: x86_64-unknown-linux-gnu
configure:2355: checking for a BSD-compatible install
configure:2423: result: /usr/bin/install -c
configure:2434: checking whether build environment is sane
configure:2489: result: yes
configure:2640: checking for a thread-safe mkdir -p
configure:2679: result: /bin/mkdir -p
configure:2686: checking for gawk
configure:2702: found /usr/bin/gawk
configure:2713: result: gawk
configure:2724: checking whether make sets $(MAKE)
configure:2746: result: yes
configure:2775: checking whether make supports nested variables
configure:2792: result: yes
configure:2983: checking for g++
configure:2999: found /usr/bin/g++
configure:3010: result: g++
configure:3037: checking for C++ compiler version
configure:3046: g++ --version >&5
g++ (Ubuntu 4.8.5-4ubuntu8~14.04.2) 4.8.5
Copyright (C) 2015 Free Software Foundation, Inc.
This is free software; see the source for copying conditions.  There is NO
warranty; not even for MERCHANTABILITY or FITNESS FOR A PARTICULAR PURPOSE.

configure:3057: $? = 0
configure:3046: g++ -v >&5
Using built-in specs.
COLLECT_GCC=g++
COLLECT_LTO_WRAPPER=/usr/lib/gcc/x86_64-linux-gnu/4.8/lto-wrapper
Target: x86_64-linux-gnu
Configured with: ../src/configure -v --with-pkgversion='Ubuntu 4.8.5-4ubuntu8~14.04.2' --with-bugurl=file:///usr/share/doc/gcc-4.8/README.Bugs --enable-languages=c,c++,java,go,d,fortran,objc,obj-c++ --prefix=/usr --program-suffix=-4.8 --enable-shared --enable-linker-build-id --libexecdir=/usr/lib --without-included-gettext --enable-threads=posix --with-gxx-include-dir=/usr/include/c++/4.8 --libdir=/usr/lib --enable-nls --with-sysroot=/ --enable-clocale=gnu --enable-libstdcxx-debug --enable-libstdcxx-time=yes --enable-gnu-unique-object --disable-libmudflap --enable-plugin --with-system-zlib --disable-browser-plugin --enable-java-awt=gtk --enable-gtk-cairo --with-java-home=/usr/lib/jvm/java-1.5.0-gcj-4.8-amd64/jre --enable-java-home --with-jvm-root-dir=/usr/lib/jvm/java-1.5.0-gcj-4.8-amd64 --with-jvm-jar-dir=/usr/lib/jvm-exports/java-1.5.0-gcj-4.8-amd64 --with-arch-directory=amd64 --with-ecj-jar=/usr/share/java/eclipse-ecj.jar --enable-objc-gc --enable-multiarch --disable-werror --with-arch-32=i686 --with-abi=m64 --with-multilib-list=m32,m64,mx32 --with-tune=generic --enable-checking=release --build=x86_64-linux-gnu --host=x86_64-linux-gnu --target=x86_64-linux-gnu
Thread model: posix
gcc version 4.8.5 (Ubuntu 4.8.5-4ubuntu8~14.04.2) 
configure:3057: $? = 0
configure:3046: g++ -V >&5
g++: error: unrecognized command line option '-V'
g++: fatal error: no input files
compilation terminated.
configure:3057: $? = 4
configure:3046: g++ -qversion >&5
g++: error: unrecognized command line option '-qversion'
g++: fatal error: no input files
compilation terminated.
configure:3057: $? = 4
configure:3077: checking whether the C++ compiler works
configure:3099: g++    conftest.cpp  >&5
configure:3103: $? = 0
configure:3151: result: yes
configure:3154: checking for C++ compiler default output file name
configure:3156: result: a.out
configure:3162: checking for suffix of executables
configure:3169: g++ -o conftest    conftest.cpp  >&5
configure:3173: $? = 0
configure:3195: result: 
configure:3217: checking whether we are cross compiling
configure:3225: g++ -o conftest    conftest.cpp  >&5
configure:3229: $? = 0
configure:3236: ./conftest
configure:3240: $? = 0
configure:3255: result: no
configure:3260: checking for suffix of object files
configure:3282: g++ -c   conftest.cpp >&5
configure:3286: $? = 0
configure:3307: result: o
configure:3311: checking whether we are using the GNU C++ compiler
configure:3330: g++ -c   conftest.cpp >&5
configure:3330: $? = 0
configure:3339: result: yes
configure:3348: checking whether g++ accepts -g
configure:3368: g++ -c -g  conftest.cpp >&5
configure:3368: $? = 0
configure:3409: result: yes
configure:3443: checking for style of include used by make
configure:3471: result: GNU
configure:3497: checking dependency style of g++
configure:3608: result: gcc3
configure:3666: checking for ranlib
configure:3682: found /usr/bin/ranlib
configure:3693: result: ranlib
configure:3716: Configuring Shore Kits
configure:3726: checking for grep that handles long lines and -e
configure:3784: result: /bin/grep
configure:3789: checking for egrep
configure:3851: result: /bin/grep -E
configure:3876: checking CXX
configure:3878: result: g++
configure:3924: checking compiler version
configure:3933: result: 4.8.5
configure:3982: checking how to run the C++ preprocessor
configure:4009: g++ -E  conftest.cpp
configure:4009: $? = 0
configure:4023: g++ -E  conftest.cpp
conftest.cpp:11:28: fatal error: ac_nonexistent.h: No such file or directory
 #include <ac_nonexistent.h>
                            ^
compilation terminated.
configure:4023: $? = 1
configure: failed program was:
| /* confdefs.h */
| #define PACKAGE_NAME "THIS_IS_SHORE_KITS"
| #define PACKAGE_TARNAME "this_is_shore_kits"
| #define PACKAGE_VERSION "2.1"
| #define PACKAGE_STRING "THIS_IS_SHORE_KITS 2.1"
| #define PACKAGE_BUGREPORT ""
| #define PACKAGE_URL ""
| #define PACKAGE "this_is_shore_kits"
| #define VERSION "2.1"
| /* end confdefs.h.  */
| #include <ac_nonexistent.h>
configure:4048: result: g++ -E
configure:4068: g++ -E  conftest.cpp
configure:4068: $? = 0
configure:4082: g++ -E  conftest.cpp
conftest.cpp:11:28: fatal error: ac_nonexistent.h: No such file or directory
 #include <ac_nonexistent.h>
                            ^
compilation terminated.
configure:4082: $? = 1
configure: failed program was:
| /* confdefs.h */
| #define PACKAGE_NAME "THIS_IS_SHORE_KITS"
| #define PACKAGE_TARNAME "this_is_shore_kits"
| #define PACKAGE_VERSION "2.1"
| #define PACKAGE_STRING "THIS_IS_SHORE_KITS 2.1"
| #define PACKAGE_BUGREPORT ""
| #define PACKAGE_URL ""
| #define PACKAGE "this_is_shore_kits"
| #define VERSION "2.1"
| /* end confdefs.h.  */
| #include <ac_nonexistent.h>
configure:4111: checking for ANSI C header files
configure:4131: g++ -c -g -O2  conftest.cpp >&5
configure:4131: $? = 0
configure:4204: g++ -o conftest -g -O2   conftest.cpp  >&5
configure:4204: $? = 0
configure:4204: ./conftest
configure:4204: $? = 0
configure:4215: result: yes
configure:4228: checking for sys/types.h
configure:4228: g++ -c -g -O2  conftest.cpp >&5
configure:4228: $? = 0
configure:4228: result: yes
configure:4228: checking for sys/stat.h
configure:4228: g++ -c -g -O2  conftest.cpp >&5
configure:4228: $? = 0
configure:4228: result: yes
configure:4228: checking for stdlib.h
configure:4228: g++ -c -g -O2  conftest.cpp >&5
configure:4228: $? = 0
configure:4228: result: yes
configure:4228: checking for string.h
configure:4228: g++ -c -g -O2  conftest.cpp >&5
configure:4228: $? = 0
configure:4228: result: yes
configure:4228: checking for memory.h
configure:4228: g++ -c -g -O2  conftest.cpp >&5
configure:4228: $? = 0
configure:4228: result: yes
configure:4228: checking for strings.h
configure:4228: g++ -c -g -O2  conftest.cpp >&5
configure:4228: $? = 0
configure:4228: result: yes
configure:4228: checking for inttypes.h
configure:4228: g++ -c -g -O2  conftest.cpp >&5
configure:4228: $? = 0
configure:4228: result: yes
configure:4228: checking for stdint.h
configure:4228: g++ -c -g -O2  conftest.cpp >&5
configure:4228: $? = 0
configure:4228: result: yes
configure:4228: checking for unistd.h
configure:4228: g++ -c -g -O2  conftest.cpp >&5
configure:4228: $? = 0
configure:4228: result: yes
configure:4242: checking readline/readline.h usability
configure:4242: g++ -c -g -O2  conftest.cpp >&5
conftest.cpp:54:31: fatal error: readline/readline.h: No such file or directory
 #include <readline/readline.h>
                               ^
compilation terminated.
configure:4242: $? = 1
configure: failed program was:
| /* confdefs.h */
| #define PACKAGE_NAME "THIS_IS_SHORE_KITS"
| #define PACKAGE_TARNAME "this_is_shore_kits"
| #define PACKAGE_VERSION "2.1"
| #define PACKAGE_STRING "THIS_IS_SHORE_KITS 2.1"
| #define PACKAGE_BUGREPORT ""
| #define PACKAGE_URL ""
| #define PACKAGE "this_is_shore_kits"
| #define VERSION "2.1"
| #define STDC_HEADERS 1
| #define HAVE_SYS_TYPES_H 1
| #define HAVE_SYS_STAT_H 1
| #define HAVE_STDLIB_H 1
| #define HAVE_STRING_H 1
| #define HAVE_MEMORY_H 1
| #define HAVE_STRINGS_H 1
| #define HAVE_INTTYPES_H 1
| #define HAVE_STDINT_H 1
| #define HAVE_UNISTD_H 1
| /* end confdefs.h.  */
| #include <stdio.h>
| #ifdef HAVE_SYS_TYPES_H
| # include <sys/types.h>
| #endif
| #ifdef HAVE_SYS_STAT_H
| # include <sys/stat.h>
| #endif
| #ifdef STDC_HEADERS
| # include <stdlib.h>
| # include <stddef.h>
| #else
| # ifdef HAVE_STDLIB_H
| #  include <stdlib.h>
| # endif
| #endif
| #ifdef HAVE_STRING_H
| # if !defined STDC_HEADERS && defined HAVE_MEMORY_H
| #  include <memory.h>
| # endif
| # include <string.h>
| #endif
| #ifdef HAVE_STRINGS_H
| # include <strings.h>
| #endif
| #ifdef HAVE_INTTYPES_H
| # include <inttypes.h>
| #endif
| #ifdef HAVE_STDINT_H
| # include <stdint.h>
| #endif
| #ifdef HAVE_UNISTD_H
| # include <unistd.h>
| #endif
| #include <readline/readline.h>
configure:4242: result: no
configure:4242: checking readline/readline.h presence
configure:4242: g++ -E  conftest.cpp
conftest.cpp:21:31: fatal error: readline/readline.h: No such file or directory
 #include <readline/readline.h>
                               ^
compilation terminated.
configure:4242: $? = 1
configure: failed program was:
| /* confdefs.h */
| #define PACKAGE_NAME "THIS_IS_SHORE_KITS"
| #define PACKAGE_TARNAME "this_is_shore_kits"
| #define PACKAGE_VERSION "2.1"
| #define PACKAGE_STRING "THIS_IS_SHORE_KITS 2.1"
| #define PACKAGE_BUGREPORT ""
| #define PACKAGE_URL ""
| #define PACKAGE "this_is_shore_kits"
| #define VERSION "2.1"
| #define STDC_HEADERS 1
| #define HAVE_SYS_TYPES_H 1
| #define HAVE_SYS_STAT_H 1
| #define HAVE_STDLIB_H 1
| #define HAVE_STRING_H 1
| #define HAVE_MEMORY_H 1
| #define HAVE_STRINGS_H 1
| #define HAVE_INTTYPES_H 1
| #define HAVE_STDINT_H 1
| #define HAVE_UNISTD_H 1
| /* end confdefs.h.  */
| #include <readline/readline.h>
configure:4242: result: no
configure:4242: checking for readline/readline.h
configure:4242: result: no
configure:4332: checking for readline
configure:4334: result: no
configure:4392: checking for pkg-config
configure:4410: found /usr/bin/pkg-config
configure:4422: result: /usr/bin/pkg-config
configure:4447: checking pkg-config is at least version 0.9.0
configure:4450: result: yes
configure:4463: checking for GTOP
configure:4470: $PKG_CONFIG --exists --print-errors "libgtop-2.0"
Package libgtop-2.0 was not found in the pkg-config search path.
Perhaps you should add the directory containing `libgtop-2.0.pc'
to the PKG_CONFIG_PATH environment variable
No package 'libgtop-2.0' found
configure:4473: $? = 1
configure:4487: $PKG_CONFIG --exists --print-errors "libgtop-2.0"
Package libgtop-2.0 was not found in the pkg-config search path.
Perhaps you should add the directory containing `libgtop-2.0.pc'
to the PKG_CONFIG_PATH environment variable
No package 'libgtop-2.0' found
configure:4490: $? = 1
configure:4504: result: no
No package 'libgtop-2.0' found
configure:4546: checking for glibtop
configure:4548: result: no
configure:4564: checking procfs.h usability
configure:4564: g++ -c -g -O2  conftest.cpp >&5
conftest.cpp:54:20: fatal error: procfs.h: No such file or directory
 #include <procfs.h>
                    ^
compilation terminated.
configure:4564: $? = 1
configure: failed program was:
| /* confdefs.h */
| #define PACKAGE_NAME "THIS_IS_SHORE_KITS"
| #define PACKAGE_TARNAME "this_is_shore_kits"
| #define PACKAGE_VERSION "2.1"
| #define PACKAGE_STRING "THIS_IS_SHORE_KITS 2.1"
| #define PACKAGE_BUGREPORT ""
| #define PACKAGE_URL ""
| #define PACKAGE "this_is_shore_kits"
| #define VERSION "2.1"
| #define STDC_HEADERS 1
| #define HAVE_SYS_TYPES_H 1
| #define HAVE_SYS_STAT_H 1
| #define HAVE_STDLIB_H 1
| #define HAVE_STRING_H 1
| #define HAVE_MEMORY_H 1
| #define HAVE_STRINGS_H 1
| #define HAVE_INTTYPES_H 1
| #define HAVE_STDINT_H 1
| #define HAVE_UNISTD_H 1
| /* end confdefs.h.  */
| #include <stdio.h>
| #ifdef HAVE_SYS_TYPES_H
| # include <sys/types.h>
| #endif
| #ifdef HAVE_SYS_STAT_H
| # include <sys/stat.h>
| #endif
| #ifdef STDC_HEADERS
| # include <stdlib.h>
| # include <stddef.h>
| #else
| # ifdef HAVE_STDLIB_H
| #  include <stdlib.h>
| # endif
| #endif
| #ifdef HAVE_STRING_H
| # if !defined STDC_HEADERS && defined HAVE_MEMORY_H
| #  include <memory.h>
| # endif
| # include <string.h>
| #endif
| #ifdef HAVE_STRINGS_H
| # include <strings.h>
| #endif
| #ifdef HAVE_INTTYPES_H
| # include <inttypes.h>
| #endif
| #ifdef HAVE_STDINT_H
| # include <stdint.h>
| #endif
| #ifdef HAVE_UNISTD_H
| # include <unistd.h>
| #endif
| #include <procfs.h>
configure:4564: result: no
configure:4564: checking procfs.h presence
configure:4564: g++ -E  conftest.cpp
conftest.cpp:21:20: fatal error: procfs.h: No such file or directory
 #include <procfs.h>
                    ^
compilation terminated.
configure:4564: $? = 1
configure: failed program was:
| /* confdefs.h */
| #define PACKAGE_NAME "THIS_IS_SHORE_KITS"
| #define PACKAGE_TARNAME "this_is_shore_kits"
| #define PACKAGE_VERSION "2.1"
| #define PACKAGE_STRING "THIS_IS_SHORE_KITS 2.1"
| #define PACKAGE_BUGREPORT ""
| #define PACKAGE_URL ""
| #define PACKAGE "this_is_shore_kits"
| #define VERSION "2.1"
| #define STDC_HEADERS 1
| #define HAVE_SYS_TYPES_H 1
| #define HAVE_SYS_STAT_H 1
| #define HAVE_STDLIB_H 1
| #define HAVE_STRING_H 1
| #define HAVE_MEMORY_H 1
| #define HAVE_STRINGS_H 1
| #define HAVE_INTTYPES_H 1
| #define HAVE_STDINT_H 1
| #define HAVE_UNISTD_H 1
| /* end confdefs.h.  */
| #include <procfs.h>
configure:4564: result: no
configure:4564: checking for procfs.h
configure:4564: result: no
configure:4594: checking for procfs
configure:4596: result: no
configure:4599: checking for CPU monitoring utility
configure:4667: result: none
configure:4672: checking for Shore-MT
configure:4687: result: /home/dcslab/charlie/ELEDA/charlie/eleda-shore-mt
configure:4699: checking Home directory
configure:4702: result: /home/dcslab/charlie/ELEDA/charlie/eleda-shore-kits
configure:4708: checking for library containing gethostbyname
configure:4739: g++ -o conftest -g -O2   conftest.cpp  >&5
configure:4739: $? = 0
configure:4756: result: none required
configure:4761: result: 
configure:4825: result: configuring for linux/x86_64
configure:4936: checking whether will compile for debugging
configure:4952: result: yes
configure:4965: checking whether will compile for profiling
configure:4987: result: no
configure:4995: checking whether will use debug symbols
configure:5011: result: yes
configure:5072: checking whether to enable FLUSHER/GROUPCOMMIT option
configure:5112: result: no
configure:5119: checking whether to use caches
configure:5143: result: yes
configure:5159: checking whether to add the Simics magic instructions
configure:5192: result: no
configure:5199: checking whether to enable backtracing
configure:5232: result: no
configure:5240: checking whether to enable the hacks
configure:5273: result: no
configure:5280: checking whether to enable qpipe
configure:5313: result: no
configure:5320: checking whether to enable VTune
configure:5342: result: no
configure:5487: checking that generated files are newer than configure
configure:5493: result: done
configure:5572: creating ./config.status

## ---------------------- ##
## Running config.status. ##
## ---------------------- ##

This file was extended by THIS_IS_SHORE_KITS config.status 2.1, which was
generated by GNU Autoconf 2.69.  Invocation command line was

  CONFIG_FILES    = 
  CONFIG_HEADERS  = 
  CONFIG_LINKS    = 
  CONFIG_COMMANDS = 
  $ ./config.status 

on ubuntu-nvdimm

config.status:908: creating Makefile
config.status:908: creating include/kits-config.h
config.status:1089: include/kits-config.h is unchanged
config.status:1137: executing depfiles commands
configure:6884: WARNING: unrecognized options: --enable-checkrc

## ---------------- ##
## Cache variables. ##
## ---------------- ##

ac_cv_build=x86_64-unknown-linux-gnu
ac_cv_cxx_compiler_gnu=yes
ac_cv_env_CCC_set=
ac_cv_env_CCC_value=
ac_cv_env_CPPFLAGS_set=
ac_cv_env_CPPFLAGS_value=
ac_cv_env_CXXCPP_set=
ac_cv_env_CXXCPP_value=
ac_cv_env_CXXFLAGS_set=
ac_cv_env_CXXFLAGS_value=
ac_cv_env_CXX_set=
ac_cv_env_CXX_value=
ac_cv_env_GTOP_CFLAGS_set=
ac_cv_env_GTOP_CFLAGS_value=
ac_cv_env_GTOP_LIBS_set=
ac_cv_env_GTOP_LIBS_value=
ac_cv_env_LDFLAGS_set=
ac_cv_env_LDFLAGS_value=
ac_cv_env_LIBS_set=
ac_cv_env_LIBS_value=
ac_cv_env_PKG_CONFIG_LIBDIR_set=
ac_cv_env_PKG_CONFIG_LIBDIR_value=
ac_cv_env_PKG_CONFIG_PATH_set=
ac_cv_env_PKG_CONFIG_PATH_value=
ac_cv_env_PKG_CONFIG_set=
ac_cv_env_PKG_CONFIG_value=
ac_cv_env_build_alias_set=
ac_cv_env_build_alias_value=
ac_cv_env_host_alias_set=
ac_cv_env_host_alias_value=
ac_cv_env_target_alias_set=
ac_cv_env_target_alias_value=
ac_cv_header_inttypes_h=yes
ac_cv_header_memory_h=yes
ac_cv_header_procfs_h=no
ac_cv_header_readline_readline_h=no
ac_cv_header_stdc=yes
ac_cv_header_stdint_h=yes
ac_cv_header_stdlib_h=yes
ac_cv_header_string_h=yes
ac_cv_header_strings_h=yes
ac_cv_header_sys_stat_h=yes
ac_cv_header_sys_types_h=yes
ac_cv_header_unistd_h=yes
ac_cv_host=x86_64-unknown-linux-gnu
ac_cv_objext=o
ac_cv_path_EGREP='/bin/grep -E'
ac_cv_path_GREP=/bin/grep
ac_cv_path_ac_pt_PKG_CONFIG=/usr/bin/pkg-config
ac_cv_path_install='/usr/bin/install -c'
ac_cv_path_mkdir=/bin/mkdir
ac_cv_prog_AWK=gawk
ac_cv_prog_CXXCPP='g++ -E'
ac_cv_prog_ac_ct_CXX=g++
ac_cv_prog_ac_ct_RANLIB=ranlib
ac_cv_prog_cxx_g=yes
ac_cv_prog_make_make_set=yes
ac_cv_search_gethostbyname='none required'
ac_cv_target=x86_64-unknown-linux-gnu
am_cv_CXX_dependencies_compiler_type=gcc3
am_cv_make_support_nested_variables=yes

## ----------------- ##
## Output variables. ##
## ----------------- ##

ACLOCAL='${SHELL} /home/dcslab/charlie/ELEDA/charlie/eleda-shore-kits/missing aclocal-1.14'
ADD_OPT_CACHES_FALSE='#'
ADD_OPT_CACHES_TRUE=''
AMDEPBACKSLASH='\'
AMDEP_FALSE='#'
AMDEP_TRUE=''
AMTAR='$${TAR-tar}'
AM_BACKSLASH='\'
AM_DEFAULT_V='$(AM_DEFAULT_VERBOSITY)'
AM_DEFAULT_VERBOSITY='1'
AM_V='$(V)'
ARCHOS='x86_64_LINUX'
AUTOCONF='${SHELL} /home/dcslab/charlie/ELEDA/charlie/eleda-shore-kits/missing autoconf'
AUTOHEADER='${SHELL} /home/dcslab/charlie/ELEDA/charlie/eleda-shore-kits/missing autoheader'
AUTOMAKE='${SHELL} /home/dcslab/charlie/ELEDA/charlie/eleda-shore-kits/missing automake-1.14'
AWK='gawk'
CPPFLAGS=''
CXX='g++'
CXXCPP='g++ -E'
CXXDEPMODE='depmode=gcc3'
CXXFLAGS='-g -O0 -ggdb   -mtune=native -march=native -Wall -Wcast-align -Wextra -Wfloat-equal -Wno-return-type 	 -Wno-invalid-offsetof -Wno-conversion -Wno-system-headers  -DARCH_LP64 -m64  '
CYGPATH_W='echo'
DEFS='-DHAVE_CONFIG_H'
DEPDIR='.deps'
ECHO_C=''
ECHO_N='-n'
ECHO_T=''
EGREP='/bin/grep -E'
EXEEXT=''
GCC_COMPILER='g++'
GLIBTOP_INCLUDE=''
GLIBTOP_LIB=''
GREP='/bin/grep'
GTOP_CFLAGS=''
GTOP_LIBS=''
HAVE_GLIBTOP_FALSE=''
HAVE_GLIBTOP_TRUE='#'
HAVE_PROCFS_FALSE=''
HAVE_PROCFS_TRUE='#'
INSTALL_DATA='${INSTALL} -m 644'
INSTALL_PROGRAM='${INSTALL}'
INSTALL_SCRIPT='${INSTALL}'
INSTALL_STRIP_PROGRAM='$(install_sh) -c -s'
KITS_HOME='/home/dcslab/charlie/ELEDA/charlie/eleda-shore-kits'
KITS_VERSION='shore-kits.2.1'
KITS_VERSION_MAJOR='shore-kits'
KITS_VERSION_MINOR='2'
KITS_VERSION_REV='1'
LDFLAGS='-rdynamic'
LIBOBJS=''
LIBS=' '
LINUX_OS_FALSE='#'
LINUX_OS_TRUE=''
LTLIBOBJS=''
MAKEINFO='${SHELL} /home/dcslab/charlie/ELEDA/charlie/eleda-shore-kits/missing makeinfo'
MKDIR_P='/bin/mkdir -p'
OBJEXT='o'
PACKAGE='this_is_shore_kits'
PACKAGE_BUGREPORT=''
PACKAGE_NAME='THIS_IS_SHORE_KITS'
PACKAGE_STRING='THIS_IS_SHORE_KITS 2.1'
PACKAGE_TARNAME='this_is_shore_kits'
PACKAGE_URL=''
PACKAGE_VERSION='2.1'
PATH_SEPARATOR=':'
PKG_CONFIG='/usr/bin/pkg-config'
PKG_CONFIG_LIBDIR=''
PKG_CONFIG_PATH=''
PROCFS_INCLUDE=''
PROCFS_LIB=''
RANLIB='ranlib'
READLINE_INCLUDE=''
READLINE_LIB=''
SET_MAKE=''
SHELL='/bin/bash'
SHORE_HOME='/home/dcslab/charlie/ELEDA/charlie/eleda-shore-mt'
SPARC_MACHINE_FALSE=''
SPARC_MACHINE_TRUE='#'
STRIP=''
USE_BT_FALSE=''
USE_BT_TRUE='#'
USE_FLUSHER_FALSE=''
USE_FLUSHER_TRUE='#'
USE_HACK_FALSE=''
USE_HACK_TRUE='#'
USE_QPIPE_FALSE=''
USE_QPIPE_TRUE='#'
USE_SIMICS_FALSE=''
USE_SIMICS_TRUE='#'
VERSION='2.1'
VTUNE_INCLUDES=''
VTUNE_LIBS=''
ac_ct_CXX='g++'
am__EXEEXT_FALSE=''
am__EXEEXT_TRUE='#'
am__fastdepCXX_FALSE='#'
am__fastdepCXX_TRUE=''
am__include='include'
am__isrc=''
am__leading_dot='.'
am__nodep='_no'
am__quote=''
am__tar='$${TAR-tar} chof - "$$tardir"'
am__untar='$${TAR-tar} xf -'
bindir='${exec_prefix}/bin'
build='x86_64-unknown-linux-gnu'
build_alias=''
build_cpu='x86_64'
build_os='linux-gnu'
build_vendor='unknown'
datadir='${datarootdir}'
datarootdir='${prefix}/share'
docdir='${datarootdir}/doc/${PACKAGE_TARNAME}'
dvidir='${docdir}'
exec_prefix='${prefix}'
host='x86_64-unknown-linux-gnu'
host_alias=''
host_cpu='x86_64'
host_os='linux-gnu'
host_vendor='unknown'
htmldir='${docdir}'
includedir='${prefix}/include'
infodir='${datarootdir}/info'
install_sh='${SHELL} /home/dcslab/charlie/ELEDA/charlie/eleda-shore-kits/install-sh'
libdir='${exec_prefix}/lib'
libexecdir='${exec_prefix}/libexec'
localedir='${datarootdir}/locale'
localstatedir='${prefix}/var'
mandir='${datarootdir}/man'
mkdir_p='$(MKDIR_P)'
oldincludedir='/usr/include'
pdfdir='${docdir}'
prefix='/usr/local'
program_transform_name='s,x,x,'
psdir='${docdir}'
sbindir='${exec_prefix}/sbin'
sharedstatedir='${prefix}/com'
sysconfdir='${prefix}/etc'
target='x86_64-unknown-linux-gnu'
target_alias=''
target_cpu='x86_64'
target_os='linux-gnu'
target_vendor='unknown'

## ----------- ##
## confdefs.h. ##
## ----------- ##

/* confdefs.h */
#define PACKAGE_NAME "THIS_IS_SHORE_KITS"
#define PACKAGE_TARNAME "this_is_shore_kits"
#define PACKAGE_VERSION "2.1"
#define PACKAGE_STRING "THIS_IS_SHORE_KITS 2.1"
#define PACKAGE_BUGREPORT ""
#define PACKAGE_URL ""
#define PACKAGE "this_is_shore_kits"
#define VERSION "2.1"
#define STDC_HEADERS 1
#define HAVE_SYS_TYPES_H 1
#define HAVE_SYS_STAT_H 1
#define HAVE_STDLIB_H 1
#define HAVE_STRING_H 1
#define HAVE_MEMORY_H 1
#define HAVE_STRINGS_H 1
#define HAVE_INTTYPES_H 1
#define HAVE_STDINT_H 1
#define HAVE_UNISTD_H 1
#define CFG_CACHES 1

configure: exit 0
